Thu, 13 Aug 2020 12:40:12 GMT express-session deprecated undefined resave option; provide resave option at app/routers/associado.js:15:13
Thu, 13 Aug 2020 12:40:12 GMT express-session deprecated undefined saveUninitialized option; provide saveUninitialized option at app/routers/associado.js:15:13
Thu, 13 Aug 2020 12:40:12 GMT express-session deprecated undefined resave option; provide resave option at app/routers/candidato.js:15:13
Thu, 13 Aug 2020 12:40:12 GMT express-session deprecated undefined saveUninitialized option; provide saveUninitialized option at app/routers/candidato.js:15:13
Thu, 13 Aug 2020 12:40:12 GMT express-session deprecated undefined resave option; provide resave option at app/routers/categoria.js:14:13
Thu, 13 Aug 2020 12:40:12 GMT express-session deprecated undefined saveUninitialized option; provide saveUninitialized option at app/routers/categoria.js:14:13
Thu, 13 Aug 2020 12:40:12 GMT express-session deprecated undefined resave option; provide resave option at app/routers/curso.js:15:13
Thu, 13 Aug 2020 12:40:12 GMT express-session deprecated undefined saveUninitialized option; provide saveUninitialized option at app/routers/curso.js:15:13
Thu, 13 Aug 2020 12:40:12 GMT express-session deprecated undefined resave option; provide resave option at app/routers/cursoinstituicao.js:14:13
Thu, 13 Aug 2020 12:40:12 GMT express-session deprecated undefined saveUninitialized option; provide saveUninitialized option at app/routers/cursoinstituicao.js:14:13
Thu, 13 Aug 2020 12:40:12 GMT express-session deprecated undefined resave option; provide resave option at app/routers/disciplina.js:15:13
Thu, 13 Aug 2020 12:40:12 GMT express-session deprecated undefined saveUninitialized option; provide saveUninitialized option at app/routers/disciplina.js:15:13
Thu, 13 Aug 2020 12:40:12 GMT express-session deprecated undefined resave option; provide resave option at app/routers/em-aberto.js:15:13
Thu, 13 Aug 2020 12:40:12 GMT express-session deprecated undefined saveUninitialized option; provide saveUninitialized option at app/routers/em-aberto.js:15:13
Thu, 13 Aug 2020 12:40:13 GMT express-session deprecated undefined resave option; provide resave option at app/routers/frequencia.js:17:13
Thu, 13 Aug 2020 12:40:13 GMT express-session deprecated undefined saveUninitialized option; provide saveUninitialized option at app/routers/frequencia.js:17:13
Thu, 13 Aug 2020 12:40:13 GMT express-session deprecated undefined resave option; provide resave option at app/routers/inscricao-aberta-ead.js:15:13
Thu, 13 Aug 2020 12:40:13 GMT express-session deprecated undefined saveUninitialized option; provide saveUninitialized option at app/routers/inscricao-aberta-ead.js:15:13
Thu, 13 Aug 2020 12:40:13 GMT express-session deprecated undefined resave option; provide resave option at app/routers/inscricao-aberta.js:15:13
Thu, 13 Aug 2020 12:40:13 GMT express-session deprecated undefined saveUninitialized option; provide saveUninitialized option at app/routers/inscricao-aberta.js:15:13
Thu, 13 Aug 2020 12:40:13 GMT express-session deprecated undefined resave option; provide resave option at app/routers/inscricao-encerrada.js:15:13
Thu, 13 Aug 2020 12:40:13 GMT express-session deprecated undefined saveUninitialized option; provide saveUninitialized option at app/routers/inscricao-encerrada.js:15:13
Thu, 13 Aug 2020 12:40:13 GMT express-session deprecated undefined resave option; provide resave option at app/routers/inscricoes-ead.js:15:13
Thu, 13 Aug 2020 12:40:13 GMT express-session deprecated undefined saveUninitialized option; provide saveUninitialized option at app/routers/inscricoes-ead.js:15:13
Thu, 13 Aug 2020 12:40:13 GMT express-session deprecated undefined resave option; provide resave option at app/routers/inscricoes.js:15:13
Thu, 13 Aug 2020 12:40:13 GMT express-session deprecated undefined saveUninitialized option; provide saveUninitialized option at app/routers/inscricoes.js:15:13
Thu, 13 Aug 2020 12:40:13 GMT express-session deprecated undefined resave option; provide resave option at app/routers/instituicao.js:14:13
Thu, 13 Aug 2020 12:40:13 GMT express-session deprecated undefined saveUninitialized option; provide saveUninitialized option at app/routers/instituicao.js:14:13
Thu, 13 Aug 2020 12:40:13 GMT express-session deprecated undefined resave option; provide resave option at app/routers/login.js:10:13
Thu, 13 Aug 2020 12:40:13 GMT express-session deprecated undefined saveUninitialized option; provide saveUninitialized option at app/routers/login.js:10:13
Thu, 13 Aug 2020 12:40:13 GMT express-session deprecated undefined resave option; provide resave option at app/routers/meus-cursos-ead.js:15:13
Thu, 13 Aug 2020 12:40:13 GMT express-session deprecated undefined saveUninitialized option; provide saveUninitialized option at app/routers/meus-cursos-ead.js:15:13
Thu, 13 Aug 2020 12:40:13 GMT express-session deprecated undefined resave option; provide resave option at app/routers/meus-cursos.js:15:13
Thu, 13 Aug 2020 12:40:13 GMT express-session deprecated undefined saveUninitialized option; provide saveUninitialized option at app/routers/meus-cursos.js:15:13
Thu, 13 Aug 2020 12:40:13 GMT express-session deprecated undefined resave option; provide resave option at app/routers/orgao.js:15:13
Thu, 13 Aug 2020 12:40:13 GMT express-session deprecated undefined saveUninitialized option; provide saveUninitialized option at app/routers/orgao.js:15:13
Thu, 13 Aug 2020 12:40:13 GMT express-session deprecated undefined resave option; provide resave option at app/routers/professor.js:16:13
Thu, 13 Aug 2020 12:40:13 GMT express-session deprecated undefined saveUninitialized option; provide saveUninitialized option at app/routers/professor.js:16:13
Thu, 13 Aug 2020 12:40:13 GMT express-session deprecated undefined resave option; provide resave option at app/routers/professores-cadastrados.js:16:13
Thu, 13 Aug 2020 12:40:13 GMT express-session deprecated undefined saveUninitialized option; provide saveUninitialized option at app/routers/professores-cadastrados.js:16:13
Thu, 13 Aug 2020 12:40:13 GMT express-session deprecated undefined resave option; provide resave option at app/routers/setor.js:14:13
Thu, 13 Aug 2020 12:40:13 GMT express-session deprecated undefined saveUninitialized option; provide saveUninitialized option at app/routers/setor.js:14:13
Thu, 13 Aug 2020 12:40:13 GMT express-session deprecated undefined resave option; provide resave option at app/routers/termo-compromisso.js:17:13
Thu, 13 Aug 2020 12:40:13 GMT express-session deprecated undefined saveUninitialized option; provide saveUninitialized option at app/routers/termo-compromisso.js:17:13
Thu, 13 Aug 2020 12:40:13 GMT express-session deprecated undefined resave option; provide resave option at app/routers/turma-ead.js:15:13
Thu, 13 Aug 2020 12:40:13 GMT express-session deprecated undefined saveUninitialized option; provide saveUninitialized option at app/routers/turma-ead.js:15:13
Thu, 13 Aug 2020 12:40:13 GMT express-session deprecated undefined resave option; provide resave option at app/routers/turma.js:16:13
Thu, 13 Aug 2020 12:40:13 GMT express-session deprecated undefined saveUninitialized option; provide saveUninitialized option at app/routers/turma.js:16:13
Thu, 13 Aug 2020 12:40:13 GMT express-session deprecated undefined resave option; provide resave option at app.js:15:9
Thu, 13 Aug 2020 12:40:13 GMT express-session deprecated undefined saveUninitialized option; provide saveUninitialized option at app.js:15:9
Servidor Ativo!
